<?xml version="1.0" encoding="UTF-8"?>
<!-- Generated by org.testng.reporters.JUnitReportReporter -->
<testsuite hostname="Mohameds-MacBook-Pro.local" failures="0" tests="2" name="internettest" time="0.006" errors="0" timestamp="2020-09-27T09:51:36 AST" skipped="0">
  <testcase classname="internettest" name="test1" time="0.005"/>
  <system-out/>
  <testcase classname="internettest" name="test2" time="0.001"/>
  <system-out/>
</testsuite> <!-- internettest -->
